::1 - POST /api/auth/signup HTTP/1.1 500 99 - 23.955 ms
::1 - POST /api/auth/signup HTTP/1.1 500 99 - 7.070 ms
::1 - POST /api/auth/signup HTTP/1.1 500 99 - 7.583 ms
::1 - POST /api/auth/signup HTTP/1.1 500 72 - 9.144 ms
::1 - POST /api/auth/signup HTTP/1.1 200 302 - 167.034 ms
::1 - POST /api/auth/signup HTTP/1.1 500 82 - 8.110 ms
::1 - POST /api/auth/signup HTTP/1.1 500 82 - 3.355 ms
::1 - POST /api/auth/signup HTTP/1.1 500 82 - 14.374 ms
::1 - POST /api/auth/signup HTTP/1.1 400 82 - 12.805 ms
::1 - POST /api/auth/signup HTTP/1.1 400 82 - 12.331 ms
::1 - POST /api/auth/signup HTTP/1.1 400 82 - 3.352 ms
::1 - POST /api/auth/signup HTTP/1.1 500 67 - 60.823 ms
::1 - POST /api/auth/signup HTTP/1.1 200 303 - 74.714 ms
::1 - POST /api/auth/signup HTTP/1.1 400 82 - 5.638 ms
::1 - POST /api/auth/login HTTP/1.1 200 420 - 64.211 ms
::1 - POST /api/auth/login HTTP/1.1 500 60 - 60.258 ms
::1 - POST /api/auth/login HTTP/1.1 401 60 - 70.164 ms
::1 - POST /api/auth/login HTTP/1.1 200 420 - 72.561 ms
::1 - POST /api/auth/login HTTP/1.1 404 58 - 2.851 ms
::1 - POST /api/auth/login HTTP/1.1 422 64 - 1.575 ms
::1 - POST /api/drones HTTP/1.1 401 75 - 6.672 ms
::1 - POST /api/auth/login HTTP/1.1 404 58 - 7.141 ms
::1 - POST /api/auth/login HTTP/1.1 200 420 - 62.117 ms
::1 - POST /api/drones HTTP/1.1 404 150 - 4.528 ms
::1 - POST /api/drones HTTP/1.1 404 150 - 1.518 ms
::1 - POST /api/drones HTTP/1.1 404 150 - 6.842 ms
::1 - POST /api/drones HTTP/1.1 404 150 - 2.280 ms
::1 - POST /api/drones HTTP/1.1 404 150 - 6.834 ms
::1 - POST /api/drones HTTP/1.1 422 70 - 7.059 ms
::1 - POST /api/drones HTTP/1.1 200 65 - 6.782 ms
::1 - POST /api/drones HTTP/1.1 200 259 - 17.574 ms
::1 - POST /api/drones HTTP/1.1 200 268 - 6.980 ms
::1 - POST /api/drones HTTP/1.1 200 268 - 3.748 ms
::1 - POST /api/drones HTTP/1.1 200 268 - 4.506 ms
::1 - GET /api/drones HTTP/1.1 200 849 - 9.607 ms
::1 - GET /api/drones HTTP/1.1 200 849 - 3.046 ms
::1 - GET /api/drones/_G7sUKd0 HTTP/1.1 404 72 - 8.910 ms
::1 - GET /api/drones/_G7sUKd0 HTTP/1.1 404 72 - 12.036 ms
::1 - GET /api/drones/_G7sUKd0 HTTP/1.1 404 72 - 12.650 ms
::1 - GET /api/drones/_G7sUKd0 HTTP/1.1 500 91 - 12.429 ms
::1 - GET /api/drones/_G7sUKd0 HTTP/1.1 404 72 - 12.809 ms
::1 - GET /api/drones/_G7sUKd0 HTTP/1.1 404 72 - 3.492 ms
::1 - GET /api/drones/_G7sUKd0 HTTP/1.1 404 72 - 2.504 ms
::1 - GET /api/drones/_G7sUKd0 HTTP/1.1 404 72 - 12.293 ms
::1 - GET /api/drones HTTP/1.1 200 849 - 6.023 ms
::1 - GET /api/drones/-_G7sUKd0 HTTP/1.1 200 259 - 2.565 ms
::1 - POST /api/sites HTTP/1.1 404 149 - 7.285 ms
::1 - POST /api/sites HTTP/1.1 404 149 - 7.216 ms
::1 - POST /api/sites HTTP/1.1 404 149 - 1.712 ms
::1 - POST /api/sites HTTP/1.1 200 268 - 19.388 ms
::1 - POST /api/sites HTTP/1.1 200 268 - 4.584 ms
::1 - POST /api/sites HTTP/1.1 200 268 - 4.546 ms
::1 - POST /api/sites HTTP/1.1 200 268 - 4.807 ms
::1 - GET /api/sites HTTP/1.1 200 849 - 2.705 ms
::1 - GET /api/sites HTTP/1.1 200 858 - 10.209 ms
::1 - GET /api/sites HTTP/1.1 200 858 - 2.114 ms
::1 - GET /api/sites HTTP/1.1 200 868 - 9.421 ms
::1 - GET /api/sites HTTP/1.1 200 858 - 9.691 ms
::1 - GET /api/sites HTTP/1.1 200 858 - 1.990 ms
::1 - GET /api/sites/KZzVazDaV HTTP/1.1 200 268 - 11.370 ms
::1 - GET /api/sites HTTP/1.1 200 858 - 2.036 ms
::1 - POST /api/auth/signup HTTP/1.1 200 302 - 75.744 ms
::1 - POST /api/auth/signup HTTP/1.1 400 82 - 6.319 ms
::1 - POST /api/auth/login HTTP/1.1 200 420 - 61.958 ms
::1 - POST /api/drones HTTP/1.1 200 270 - 4.791 ms
::1 - POST /api/drones HTTP/1.1 200 270 - 4.339 ms
::1 - POST /api/drones HTTP/1.1 200 270 - 3.178 ms
::1 - POST /api/drones HTTP/1.1 200 270 - 4.204 ms
::1 - POST /api/drones HTTP/1.1 200 270 - 3.138 ms
::1 - POST /api/drones HTTP/1.1 200 270 - 4.664 ms
::1 - POST /api/drones HTTP/1.1 200 270 - 3.908 ms
::1 - POST /api/drones HTTP/1.1 200 270 - 3.885 ms
::1 - POST /api/drones HTTP/1.1 200 270 - 3.260 ms
::1 - POST /api/drones HTTP/1.1 200 271 - 3.715 ms
::1 - GET /api/drones HTTP/1.1 200 2055 - 2.528 ms
::1 - GET /api/drones/642546ab7b49e2f0e201e9f0 HTTP/1.1 404 72 - 3.372 ms
::1 - GET /api/drones HTTP/1.1 200 2055 - 2.342 ms
::1 - GET /api/drones/VaEmiD0H8 HTTP/1.1 200 270 - 1.990 ms
::1 - POST /api/sites HTTP/1.1 200 269 - 5.384 ms
::1 - POST /api/sites HTTP/1.1 200 269 - 3.253 ms
::1 - POST /api/sites HTTP/1.1 200 269 - 2.912 ms
::1 - POST /api/sites HTTP/1.1 200 269 - 3.471 ms
::1 - POST /api/sites HTTP/1.1 200 269 - 2.930 ms
::1 - POST /api/sites HTTP/1.1 200 269 - 3.582 ms
::1 - POST /api/sites HTTP/1.1 200 269 - 2.782 ms
::1 - POST /api/sites HTTP/1.1 200 269 - 3.574 ms
::1 - POST /api/sites HTTP/1.1 200 269 - 3.027 ms
::1 - POST /api/sites HTTP/1.1 200 270 - 3.255 ms
::1 - GET /api/sites/KZzVazDaV HTTP/1.1 404 72 - 4.741 ms
::1 - GET /api/sites HTTP/1.1 200 2045 - 1.980 ms
::1 - GET /api/sites/5IEzV1D5y HTTP/1.1 200 269 - 1.749 ms
::1 - GET /api/sites/5IEzV1D5y HTTP/1.1 200 269 - 2.104 ms
::1 - GET /api/sites/5IEzV1D5y HTTP/1.1 200 269 - 1.867 ms
::1 - GET /api/sites/5IEzV1D5y HTTP/1.1 200 269 - 1.726 ms
::1 - GET /api/sites HTTP/1.1 200 2045 - 10.332 ms
::1 - POST /api/sites/642546f47b49e2f0e201ea12/drones HTTP/1.1 422 63 - 8.540 ms
::1 - POST /api/sites/642546f47b49e2f0e201ea12/drones HTTP/1.1 422 63 - 1.971 ms
::1 - POST /api/sites/642546f47b49e2f0e201ea12/drones HTTP/1.1 404 63 - 125.377 ms
::1 - POST /api/sites/642546f47b49e2f0e201ea12/drones HTTP/1.1 422 63 - 7.859 ms
::1 - POST /api/sites/642546f47b49e2f0e201ea12/drones HTTP/1.1 200 312 - 21.023 ms
::1 - POST /api/sites/642546f47b49e2f0e201ea12/drones HTTP/1.1 422 64 - 7.702 ms
::1 - POST /api/sites/642546f47b49e2f0e201ea12/drones HTTP/1.1 500 76 - 10.268 ms
::1 - POST /api/sites/642546f47b49e2f0e201ea12/drones HTTP/1.1 200 310 - 23.041 ms
::1 - POST /api/sites/642546f47b49e2f0e201ea12/drones HTTP/1.1 200 310 - 5.199 ms
::1 - POST /api/sites/642546f47b49e2f0e201ea12/drones HTTP/1.1 200 310 - 12.474 ms
::1 - POST /api/sites/642546f47b49e2f0e201ea12/drones HTTP/1.1 404 64 - 51.032 ms
::1 - POST /api/sites/642546f47b49e2f0e201ea12/drones HTTP/1.1 404 64 - 15.020 ms
::1 - POST /api/sites/642546f47b49e2f0e201ea12/drones HTTP/1.1 200 310 - 50.177 ms
::1 - POST /api/sites/642546f47b49e2f0e201ea12/drones HTTP/1.1 404 64 - 4.885 ms
::1 - POST /api/sites/642546f47b49e2f0e201ea12/drones HTTP/1.1 400 75 - 15.052 ms
::1 - POST /api/sites/642546f47b49e2f0e201ea12/drones HTTP/1.1 400 75 - 4.579 ms
::1 - POST /api/sites/642546f47b49e2f0e201ea12/drones HTTP/1.1 400 75 - 3.751 ms
::1 - POST /api/sites/642546f47b49e2f0e201ea12/drones HTTP/1.1 400 75 - 14.828 ms
::1 - POST /api/sites/642546f47b49e2f0e201ea12/drones HTTP/1.1 200 310 - 19.946 ms
::1 - POST /api/sites/642546f47b49e2f0e201ea12/drones HTTP/1.1 400 75 - 8.070 ms
::1 - PATCH /api/sites/642546f47b49e2f0e201ea12/siteDrones/64263a3c1f5fdd1fcb14468e HTTP/1.1 422 65 - 8.522 ms
::1 - PATCH /api/sites/642546f47b49e2f0e201ea12/siteDrones/64263a3c1f5fdd1fcb14468e HTTP/1.1 500 65 - 1.723 ms
::1 - PATCH /api/sites/642546f47b49e2f0e201ea12/siteDrones/64263a3c1f5fdd1fcb14468e HTTP/1.1 500 65 - 10.420 ms
::1 - PATCH /api/sites/642546f47b49e2f0e201ea12/siteDrones/64263a3c1f5fdd1fcb14468e HTTP/1.1 200 310 - 22.277 ms
::1 - PATCH /api/sites/642546f47b49e2f0e201ea12/siteDrones/64263a3c1f5fdd1fcb14468e HTTP/1.1 200 310 - 13.641 ms
::1 - PATCH /api/sites/642546f47b49e2f0e201ea12/siteDrones/64263a3c1f5fdd1fcb14468e HTTP/1.1 200 310 - 35.465 ms
::1 - PATCH /api/sites/642546f47b49e2f0e201ea12/siteDrones/64263a3c1f5fdd1fcb14468e HTTP/1.1 200 310 - 15.410 ms
::1 - PATCH /api/sites/642546f47b49e2f0e201ea12/siteDrones/64263a3c1f5fdd1fcb14468e HTTP/1.1 200 310 - 42.191 ms
::1 - PATCH /api/sites/642546f47b49e2f0e201ea12/siteDrones/64263a3c1f5fdd1fcb14468e HTTP/1.1 500 113 - 29.606 ms
::1 - PATCH /api/sites/642546f47b49e2f0e201ea12/siteDrones/64263a3c1f5fdd1fcb14468e HTTP/1.1 400 73 - 23.703 ms
::1 - PATCH /api/sites/642546f47b49e2f0e201ea12/siteDrones/64263a3c1f5fdd1fcb14468e HTTP/1.1 200 310 - 24.048 ms
::1 - PATCH /api/sites/642546f47b49e2f0e201ea12/siteDrones/64263a3c1f5fdd1fcb14468e HTTP/1.1 200 310 - 12.712 ms
::1 - PATCH /api/sites/642546f47b49e2f0e201ea12/siteDrones/64263a3c1f5fdd1fcb14468e HTTP/1.1 400 73 - 23.043 ms
::1 - PATCH /api/sites/642546f47b49e2f0e201ea12/siteDrones/64263a3c1f5fdd1fcb14468e HTTP/1.1 200 310 - 22.193 ms
::1 - PATCH /api/sites/642546f47b49e2f0e201ea12/siteDrones/64263a3c1f5fdd1fcb14468e HTTP/1.1 200 310 - 13.458 ms
::1 - DELETE /api/sites/642546f47b49e2f0e201ea12/siteDrones/64263a3c1f5fdd1fcb14468e/drones/642546ab7b49e2f0e201e9f0 HTTP/1.1 200 86 - 23.022 ms
::1 - GET /api/sites HTTP/1.1 200 2045 - 10.164 ms
::1 - POST /api/sites/642546f47b49e2f0e201ea12/missions HTTP/1.1 200 65 - 0.991 ms
::1 - POST /api/sites/642546f47b49e2f0e201ea12/missions HTTP/1.1 200 75 - 3.617 ms
::1 - POST /api/sites/642546f47b49e2f0e201ea12/missions HTTP/1.1 200 269 - 9.723 ms
::1 - POST /api/sites HTTP/1.1 200 270 - 24.900 ms
::1 - POST /api/sites/642546f47b49e2f0e201ea12/siteDrones HTTP/1.1 200 310 - 21.768 ms
::1 - POST /api/sites/642546f47b49e2f0e201ea12/missions HTTP/1.1 404 64 - 11.935 ms
::1 - POST /api/sites/642546f47b49e2f0e201ea12/missions HTTP/1.1 404 64 - 3.621 ms
::1 - POST /api/sites/642546f47b49e2f0e201ea12/missions HTTP/1.1 404 64 - 2.930 ms
::1 - POST /api/sites/642546f47b49e2f0e201ea12/missions HTTP/1.1 200 65 - 23.244 ms
::1 - POST /api/sites/642546f47b49e2f0e201ea12/missions HTTP/1.1 500 159 - 342.807 ms
::1 - POST /api/sites/642546f47b49e2f0e201ea12/missions HTTP/1.1 200 486 - 25.881 ms
::1 - POST /api/sites/642546f47b49e2f0e201ea12/missions HTTP/1.1 200 486 - 8.403 ms
::1 - POST /api/sites/642546f47b49e2f0e201ea12/missions HTTP/1.1 200 486 - 7.611 ms
::1 - POST /api/sites/642546f47b49e2f0e201ea12/missions HTTP/1.1 200 486 - 6.351 ms
::1 - POST /api/sites/642546f47b49e2f0e201ea12/missions HTTP/1.1 200 486 - 34.884 ms
::1 - POST /api/sites/642546f47b49e2f0e201ea12/missions HTTP/1.1 500 132 - 11.897 ms
::1 - POST /api/sites/642546f47b49e2f0e201ea12/missions HTTP/1.1 200 490 - 7.268 ms
::1 - POST /api/sites/642546f47b49e2f0e201ea12/missions HTTP/1.1 200 508 - 6.727 ms
::1 - POST /api/sites/642546f47b49e2f0e201ea12/missions HTTP/1.1 200 500 - 7.882 ms
::1 - POST /api/sites/642546f47b49e2f0e201ea12/missions HTTP/1.1 200 500 - 7.323 ms
::1 - POST /api/sites/642546f47b49e2f0e201ea12/missions HTTP/1.1 200 500 - 8.072 ms
::1 - POST /api/sites/642546f47b49e2f0e201ea12/missions HTTP/1.1 200 500 - 6.946 ms
::1 - POST /api/sites/642546f47b49e2f0e201ea12/missions HTTP/1.1 200 500 - 7.429 ms
::1 - POST /api/sites/642546f47b49e2f0e201ea12/missions HTTP/1.1 200 500 - 5.831 ms
::1 - PATCH /api/sites/642546f47b49e2f0e201ea12/missions/6426676efa6d0b0f91f86f8c HTTP/1.1 200 500 - 21.274 ms
::1 - PATCH /api/sites/642546f47b49e2f0e201ea12/missions/6426676efa6d0b0f91f86f8c HTTP/1.1 200 499 - 7.260 ms
::1 - PATCH /api/sites/642546f47b49e2f0e201ea12/missions/6426676efa6d0b0f91f86f8c HTTP/1.1 200 499 - 4.597 ms
::1 - PATCH /api/sites/642546f47b49e2f0e201ea12/missions/6426676efa6d0b0f91f86f8c HTTP/1.1 200 500 - 3.596 ms
::1 - DELETE /api/sites/642546f47b49e2f0e201ea12/missions/6426676efa6d0b0f91f86f8c HTTP/1.1 200 86 - 7.603 ms
::1 - DELETE /api/sites/642546f47b49e2f0e201ea12/missions/6426676efa6d0b0f91f86f8c HTTP/1.1 404 86 - 11.475 ms
::1 - DELETE /api/sites/642546f47b49e2f0e201ea12/missions/6426676efa6d0b0f91f86f8c HTTP/1.1 404 86 - 4.646 ms
::1 - GET /api/sites/642546f47b49e2f0e201ea12/missions HTTP/1.1 200 65 - 0.968 ms
::1 - GET /api/sites/642546f47b49e2f0e201ea12/missions HTTP/1.1 200 2650 - 12.183 ms
::1 - GET /api/sites/64266740fa6d0b0f91f86f74/missions HTTP/1.1 200 2650 - 4.362 ms
::1 - GET /api/sites/64266740fa6d0b0f91f86f74/missions HTTP/1.1 200 2650 - 3.008 ms
::1 - GET /api/sites/64266740fa6d0b0f91f86f74/missions HTTP/1.1 200 2650 - 12.640 ms
::1 - GET /api/sites/64266740fa6d0b0f91f86f74/missions HTTP/1.1 200 2650 - 4.302 ms
::1 - GET /api/sites/64266740fa6d0b0f91f86f74/missions HTTP/1.1 200 2650 - 12.909 ms
::1 - GET /api/sites/64266740fa6d0b0f91f86f74/missions HTTP/1.1 200 2650 - 13.185 ms
::1 - GET /api/sites/64266740fa6d0b0f91f86f74/missions HTTP/1.1 200 75 - 11.681 ms
::1 - GET /api/sites/64266740fa6d0b0f91f86f74/missions HTTP/1.1 200 75 - 10.122 ms
::1 - GET /api/sites/642546f47b49e2f0e201ea12/missions HTTP/1.1 200 2650 - 8.527 ms
::1 - GET /api/sites HTTP/1.1 200 2243 - 9.305 ms
::1 - GET /api/sites/642546f47b49e2f0e201ea12 HTTP/1.1 404 72 - 7.990 ms
::1 - GET /api/sites/642546f47b49e2f0e201ea12/drones HTTP/1.1 404 180 - 5.491 ms
::1 - GET /api/sites/642546f47b49e2f0e201ea12/drones HTTP/1.1 404 180 - 1.574 ms
::1 - GET /api/sites/642546f47b49e2f0e201ea12/drones HTTP/1.1 500 160 - 15.787 ms
::1 - GET /api/sites/642546f47b49e2f0e201ea12/drones HTTP/1.1 500 160 - 16.768 ms
::1 - GET /api/sites/642546f47b49e2f0e201ea12/drones HTTP/1.1 200 499 - 16.226 ms
::1 - POST /api/sites/642546f47b49e2f0e201ea12/siteDrones HTTP/1.1 200 310 - 27.145 ms
::1 - GET /api/sites/642546f47b49e2f0e201ea12/drones HTTP/1.1 200 924 - 4.728 ms
::1 - GET /api/sites/642546f47b49e2f0e201ea12/drones HTTP/1.1 200 502 - 20.254 ms
::1 - POST /api/sites/642546f47b49e2f0e201ea12/siteDrones HTTP/1.1 400 75 - 37.420 ms
::1 - GET /api/sites/642546f47b49e2f0e201ea12/drones HTTP/1.1 200 502 - 4.221 ms
::1 - POST /api/sites/642546f47b49e2f0e201ea12/siteDrones HTTP/1.1 200 310 - 18.912 ms
::1 - GET /api/sites/642546f47b49e2f0e201ea12/drones HTTP/1.1 200 716 - 5.304 ms
::1 - POST /api/categories HTTP/1.1 200 232 - 20.381 ms
::1 - POST /api/categories HTTP/1.1 409 67 - 10.910 ms
::1 - POST /api/categories HTTP/1.1 200 232 - 5.812 ms
::1 - GET /api/categories HTTP/1.1 404 153 - 4.648 ms
::1 - GET /api/categories HTTP/1.1 200 394 - 15.041 ms
::1 - POST /api/categories HTTP/1.1 200 231 - 23.236 ms
::1 - GET /api/categories HTTP/1.1 200 553 - 1.795 ms
::1 - POST /api/sites/642546f47b49e2f0e201ea12/missions HTTP/1.1 404 62 - 18.036 ms
::1 - POST /api/sites/642546f47b49e2f0e201ea12/missions HTTP/1.1 404 62 - 3.806 ms
::1 - POST /api/sites/642546f47b49e2f0e201ea12/missions HTTP/1.1 200 520 - 303.403 ms
::1 - GET /api/sites/642546f47b49e2f0e201ea12/missions?categoryId=64268b02cbdd70916c7c5775 HTTP/1.1 200 522 - 18.912 ms
::1 - GET /api/sites/642546f47b49e2f0e201ea12/missions?categoryId=64268b02cbdd70916c7c5771 HTTP/1.1 200 75 - 3.131 ms
::1 - GET /api/sites/642546f47b49e2f0e201ea12/missions?categoryId=64268b02cbdd70916c7c5775 HTTP/1.1 200 522 - 3.873 ms
